0 info it worked if it ends with ok
1 verbose cli [ '/usr/bin/nodejs', '/usr/bin/npm', 'run', 'sonar' ]
2 info using npm@3.5.2
3 info using node@v4.2.6
4 verbose run-script [ 'presonar', 'sonar', 'postsonar' ]
5 info lifecycle node-multiplayer-snake@1.0.3~presonar: node-multiplayer-snake@1.0.3
6 silly lifecycle node-multiplayer-snake@1.0.3~presonar: no script for presonar, continuing
7 info lifecycle node-multiplayer-snake@1.0.3~sonar: node-multiplayer-snake@1.0.3
8 verbose lifecycle node-multiplayer-snake@1.0.3~sonar: unsafe-perm in lifecycle true
9 verbose lifecycle node-multiplayer-snake@1.0.3~sonar: PATH: /usr/share/npm/bin/node-gyp-bin:/root/tools/node-multiplayer-snake/node_modules/.bin:/usr/local/sbin:/usr/local/bin:/usr/sbin:/usr/bin:/sbin:/bin:/usr/games:/usr/local/games:/snap/bin
10 verbose lifecycle node-multiplayer-snake@1.0.3~sonar: CWD: /root/tools/node-multiplayer-snake
11 silly lifecycle node-multiplayer-snake@1.0.3~sonar: Args: [ '-c', 'node sonar-project.js' ]
12 silly lifecycle node-multiplayer-snake@1.0.3~sonar: Returned: code: 1  signal: null
13 info lifecycle node-multiplayer-snake@1.0.3~sonar: Failed to exec sonar script
14 verbose stack Error: node-multiplayer-snake@1.0.3 sonar: `node sonar-project.js`
14 verbose stack Exit status 1
14 verbose stack     at EventEmitter.<anonymous> (/usr/share/npm/lib/utils/lifecycle.js:232:16)
14 verbose stack     at emitTwo (events.js:87:13)
14 verbose stack     at EventEmitter.emit (events.js:172:7)
14 verbose stack     at ChildProcess.<anonymous> (/usr/share/npm/lib/utils/spawn.js:24:14)
14 verbose stack     at emitTwo (events.js:87:13)
14 verbose stack     at ChildProcess.emit (events.js:172:7)
14 verbose stack     at maybeClose (internal/child_process.js:821:16)
14 verbose stack     at Process.ChildProcess._handle.onexit (internal/child_process.js:211:5)
15 verbose pkgid node-multiplayer-snake@1.0.3
16 verbose cwd /root/tools/node-multiplayer-snake
17 error Linux 4.4.0-210-generic
18 error argv "/usr/bin/nodejs" "/usr/bin/npm" "run" "sonar"
19 error node v4.2.6
20 error npm  v3.5.2
21 error code ELIFECYCLE
22 error node-multiplayer-snake@1.0.3 sonar: `node sonar-project.js`
22 error Exit status 1
23 error Failed at the node-multiplayer-snake@1.0.3 sonar script 'node sonar-project.js'.
23 error Make sure you have the latest version of node.js and npm installed.
23 error If you do, this is most likely a problem with the node-multiplayer-snake package,
23 error not with npm itself.
23 error Tell the author that this fails on your system:
23 error     node sonar-project.js
23 error You can get information on how to open an issue for this project with:
23 error     npm bugs node-multiplayer-snake
23 error Or if that isn't available, you can get their info via:
23 error     npm owner ls node-multiplayer-snake
23 error There is likely additional logging output above.
24 verbose exit [ 1, true ]
